********************************************************************************
DUPLICATOR-LITE PACKAGE-LOG: August 10, 2025 9:02 pm
NOTICE: Do NOT post to public sites or forums 
********************************************************************************
VERSION:	1.5.13
WORDPRESS:	6.8.2
PHP INFO:	7.4.33 | SAPI: fpm-fcgi
SERVER:		Apache 
PHP TIME LIMIT: [90] not allowed 
PHP MAX MEMORY: 4294967296 (768M default) 
MEMORY STACK: 2MB

********************************************************************************
DATABASE:
********************************************************************************
BUILD MODE:   MYSQLDUMP
MYSQLTIMEOUT: 5000
MYSQLDUMP:    Is Supported
SQL CREATED: 20250810_acjllc_5fbdace5c50779a34741_20250810210147_database.sql
SQL FILE SIZE: 13.69MB (14350946)
SQL FILE TIME: 2025-08-10 21:02:04
SQL RUNTIME: 0.30 sec.

********************************************************************************
ARCHIVE (ZIP):
********************************************************************************
ARCHIVE DIR:  /home/jakspa5/public_html
ARCHIVE FILE: 20250810_acjllc_5fbdace5c50779a34741_20250810210147_archive.zip
FILTERS: *OFF*
DIRS:
	not set
FILES:
	not set
EXTS:  not set
----------------------------------------
COMPRESSING
SIZE:	818.17MB
STATS:	Dirs 3,593 | Files 21,576
SQL ADDED: 20250810_acjllc_5fbdace5c50779a34741_20250810210147_database.sql
ZipArchive Object
(
    [status] => 0
    [statusSys] => 0
    [numFiles] => 25169
    [filename] => /home/jakspa5/public_html/wp-content/backups-dup-lite/tmp/20250810_acjllc_5fbdace5c50779a34741_20250810210147_archive.zip
    [comment] => 
)

FILE ADDED TO ZIP: 25168
[PHP ERR][NOTICE] MSG:ob_flush(): failed to flush buffer. No buffer to flush [CODE:8|FILE:/home/jakspa5/public_html/wp-content/plugins/duplicator/classes/utilities/class.u.php|LINE:173]
do_action('wp_ajax_duplicator_package_build'), WP_Hook->do_action, WP_Hook->apply_filters, duplicator_package_build, DUP_Package->runZipBuild, DUP_Archive->build, DUP_Zip::create, DUP_Util::fcgiFlush, ob_flush, DUP_Handler::error, DUP_Handler::getMessage
COMPRESSION RESULT: '1'
COMPRESSED SIZE: 613.67MB
ARCHIVE RUNTIME: 66.46 sec.
MEMORY STACK: 9.2MB
[PHP ERR][NOTICE] MSG:mysqli_query(): send of 6214 bytes failed with errno=32 Broken pipe [CODE:8|FILE:/home/jakspa5/public_html/wp-includes/class-wpdb.php|LINE:2351]
do_action('wp_ajax_duplicator_package_build'), WP_Hook->do_action, WP_Hook->apply_filters, duplicator_package_build, DUP_Package->runZipBuild, DUP_Archive->build, DUP_Package->setStatus, DUP_Package->update, wpdb->query, wpdb->_do_query, mysqli_query, DUP_Handler::error, DUP_Handler::getMessage
building installer
ARCHIVE CONSISTENCY TEST: PASS

********************************************************************************
INTEGRITY CHECKS:
********************************************************************************
SQL FILE: 13.69MB
INSTALLER FILE: 73.49KB
ARCHIVE FILE: 615.88MB 
EXPECTED FILE/DIRECTORY COUNT: 25,169
ACTUAL FILE/DIRECTORY COUNT: 25,168
ARCHIVE CONSISTENCY TEST: Pass

********************************************************************************
RECORD ID:[1]
TOTAL PROCESS RUNTIME: 80.35 sec.
PEAK PHP MEMORY USED: 15.2MB
DONE PROCESSING => 20250810_acjllc August 10, 2025 9:03 pm

